# JRE version: OpenJDK Runtime Environment (8.0_76-b03) (build 1.8.0_76-release-b03)
# Java VM: OpenJDK 64-Bit Server VM (25.76-b03 mixed mode linux-amd64 compressed oops)
Heap:
 PSYoungGen      total 243712K, used 20920K [0x00000000eab00000, 0x0000000100000000, 0x0000000100000000)
  eden space 159232K, 0% used [0x00000000eab00000,0x00000000eab00000,0x00000000f4680000)
  from space 84480K, 24% used [0x00000000f4680000,0x00000000f5aee390,0x00000000f9900000)
  to   space 90112K, 0% used [0x00000000fa800000,0x00000000fa800000,0x0000000100000000)
 ParOldGen       total 109056K, used 108758K [0x00000000c0000000, 0x00000000c6a80000, 0x00000000eab00000)
  object space 109056K, 99% used [0x00000000c0000000,0x00000000c6a359b8,0x00000000c6a80000)
 Metaspace       used 5999K, capacity 7152K, committed 7296K, reserved 1056768K
  class space    used 555K, capacity 616K, committed 640K, reserved 1048576K
GC Heap History (10 events):
Event: 16.889 GC heap after
Heap after GC invocations=11 (full 2):
 PSYoungGen      total 164864K, used 40796K [0x00000000eab00000, 0x00000000f9e00000, 0x0000000100000000)
  eden space 120320K, 0% used [0x00000000eab00000,0x00000000eab00000,0x00000000f2080000)
  from space 44544K, 91% used [0x00000000f2080000,0x00000000f4857250,0x00000000f4c00000)
  to   space 50688K, 0% used [0x00000000f6c80000,0x00000000f6c80000,0x00000000f9e00000)
 ParOldGen       total 109056K, used 46014K [0x00000000c0000000, 0x00000000c6a80000, 0x00000000eab00000)
  object space 109056K, 42% used [0x00000000c0000000,0x00000000c2cef868,0x00000000c6a80000)
 Metaspace       used 5908K, capacity 7088K, committed 7296K, reserved 1056768K
  class space    used 555K, capacity 616K, committed 640K, reserved 1048576K
}
Event: 19.822 GC heap before
{Heap before GC invocations=12 (full 2):
 PSYoungGen      total 164864K, used 161116K [0x00000000eab00000, 0x00000000f9e00000, 0x0000000100000000)
  eden space 120320K, 100% used [0x00000000eab00000,0x00000000f2080000,0x00000000f2080000)
  from space 44544K, 91% used [0x00000000f2080000,0x00000000f4857250,0x00000000f4c00000)
  to   space 50688K, 0% used [0x00000000f6c80000,0x00000000f6c80000,0x00000000f9e00000)
 ParOldGen       total 109056K, used 46014K [0x00000000c0000000, 0x00000000c6a80000, 0x00000000eab00000)
  object space 109056K, 42% used [0x00000000c0000000,0x00000000c2cef868,0x00000000c6a80000)
 Metaspace       used 5948K, capacity 7088K, committed 7296K, reserved 1056768K
  class space    used 555K, capacity 616K, committed 640K, reserved 1048576K
Event: 20.120 GC heap after
Heap after GC invocations=12 (full 2):
 PSYoungGen      total 188928K, used 50674K [0x00000000eab00000, 0x00000000fb100000, 0x0000000100000000)
  eden space 138240K, 0% used [0x00000000eab00000,0x00000000eab00000,0x00000000f3200000)
  from space 50688K, 99% used [0x00000000f6c80000,0x00000000f9dfca20,0x00000000f9e00000)
  to   space 59904K, 0% used [0x00000000f3200000,0x00000000f3200000,0x00000000f6c80000)
 ParOldGen       total 109056K, used 49912K [0x00000000c0000000, 0x00000000c6a80000, 0x00000000eab00000)
  object space 109056K, 45% used [0x00000000c0000000,0x00000000c30be0a0,0x00000000c6a80000)
 Metaspace       used 5948K, capacity 7088K, committed 7296K, reserved 1056768K
  class space    used 555K, capacity 616K, committed 640K, reserved 1048576K
}
Event: 23.032 GC heap before
{Heap before GC invocations=13 (full 2):
 PSYoungGen      total 188928K, used 188914K [0x00000000eab00000, 0x00000000fb100000, 0x0000000100000000)
  eden space 138240K, 100% used [0x00000000eab00000,0x00000000f3200000,0x00000000f3200000)
  from space 50688K, 99% used [0x00000000f6c80000,0x00000000f9dfca20,0x00000000f9e00000)
  to   space 59904K, 0% used [0x00000000f3200000,0x00000000f3200000,0x00000000f6c80000)
 ParOldGen       total 109056K, used 49912K [0x00000000c0000000, 0x00000000c6a80000, 0x00000000eab00000)
  object space 109056K, 45% used [0x00000000c0000000,0x00000000c30be0a0,0x00000000c6a80000)
 Metaspace       used 5977K, capacity 7152K, committed 7296K, reserved 1056768K
  class space    used 555K, capacity 616K, committed 640K, reserved 1048576K
Event: 23.440 GC heap after
Heap after GC invocations=13 (full 2):
 PSYoungGen      total 198144K, used 59875K [0x00000000eab00000, 0x00000000fdd80000, 0x0000000100000000)
  eden space 138240K, 0% used [0x00000000eab00000,0x00000000eab00000,0x00000000f3200000)
  from space 59904K, 99% used [0x00000000f3200000,0x00000000f6c78d70,0x00000000f6c80000)
  to   space 70144K, 0% used [0x00000000f9900000,0x00000000f9900000,0x00000000fdd80000)
 ParOldGen       total 109056K, used 52250K [0x00000000c0000000, 0x00000000c6a80000, 0x00000000eab00000)
  object space 109056K, 47% used [0x00000000c0000000,0x00000000c33068a8,0x00000000c6a80000)
 Metaspace       used 5977K, capacity 7152K, committed 7296K, reserved 1056768K
  class space    used 555K, capacity 616K, committed 640K, reserved 1048576K
}
Event: 28.382 GC heap before
{Heap before GC invocations=14 (full 2):
 PSYoungGen      total 198144K, used 198115K [0x00000000eab00000, 0x00000000fdd80000, 0x0000000100000000)
  eden space 138240K, 100% used [0x00000000eab00000,0x00000000f3200000,0x00000000f3200000)
  from space 59904K, 99% used [0x00000000f3200000,0x00000000f6c78d70,0x00000000f6c80000)
  to   space 70144K, 0% used [0x00000000f9900000,0x00000000f9900000,0x00000000fdd80000)
 ParOldGen       total 109056K, used 52250K [0x00000000c0000000, 0x00000000c6a80000, 0x00000000eab00000)
  object space 109056K, 47% used [0x00000000c0000000,0x00000000c33068a8,0x00000000c6a80000)
 Metaspace       used 5985K, capacity 7152K, committed 7296K, reserved 1056768K
  class space    used 555K, capacity 616K, committed 640K, reserved 1048576K
Event: 28.698 GC heap after
Heap after GC invocations=14 (full 2):
 PSYoungGen      total 229376K, used 70125K [0x00000000eab00000, 0x00000000ff800000, 0x0000000100000000)
  eden space 159232K, 0% used [0x00000000eab00000,0x00000000eab00000,0x00000000f4680000)
  from space 70144K, 99% used [0x00000000f9900000,0x00000000fdd7b5a8,0x00000000fdd80000)
  to   space 84480K, 0% used [0x00000000f4680000,0x00000000f4680000,0x00000000f9900000)
 ParOldGen       total 109056K, used 61234K [0x00000000c0000000, 0x00000000c6a80000, 0x00000000eab00000)
  object space 109056K, 56% used [0x00000000c0000000,0x00000000c3bcc890,0x00000000c6a80000)
 Metaspace       used 5985K, capacity 7152K, committed 7296K, reserved 1056768K
  class space    used 555K, capacity 616K, committed 640K, reserved 1048576K
}
Event: 33.425 GC heap before
{Heap before GC invocations=15 (full 2):
 PSYoungGen      total 229376K, used 229357K [0x00000000eab00000, 0x00000000ff800000, 0x0000000100000000)
  eden space 159232K, 100% used [0x00000000eab00000,0x00000000f4680000,0x00000000f4680000)
  from space 70144K, 99% used [0x00000000f9900000,0x00000000fdd7b5a8,0x00000000fdd80000)
  to   space 84480K, 0% used [0x00000000f4680000,0x00000000f4680000,0x00000000f9900000)
 ParOldGen       total 109056K, used 61234K [0x00000000c0000000, 0x00000000c6a80000, 0x00000000eab00000)
  object space 109056K, 56% used [0x00000000c0000000,0x00000000c3bcc890,0x00000000c6a80000)
 Metaspace       used 5999K, capacity 7152K, committed 7296K, reserved 1056768K
  class space    used 555K, capacity 616K, committed 640K, reserved 1048576K
Event: 34.020 GC heap after
Heap after GC invocations=15 (full 2):
 PSYoungGen      total 243712K, used 62647K [0x00000000eab00000, 0x0000000100000000, 0x0000000100000000)
  eden space 159232K, 0% used [0x00000000eab00000,0x00000000eab00000,0x00000000f4680000)
  from space 84480K, 74% used [0x00000000f4680000,0x00000000f83ade20,0x00000000f9900000)
  to   space 90112K, 0% used [0x00000000fa800000,0x00000000fa800000,0x0000000100000000)
 ParOldGen       total 109056K, used 94281K [0x00000000c0000000, 0x00000000c6a80000, 0x00000000eab00000)
  object space 109056K, 86% used [0x00000000c0000000,0x00000000c5c12598,0x00000000c6a80000)
 Metaspace       used 5999K, capacity 7152K, committed 7296K, reserved 1056768K
  class space    used 555K, capacity 616K, committed 640K, reserved 1048576K
}
Event: 34.020 GC heap before
{Heap before GC invocations=16 (full 3):
 PSYoungGen      total 243712K, used 62647K [0x00000000eab00000, 0x0000000100000000, 0x0000000100000000)
  eden space 159232K, 0% used [0x00000000eab00000,0x00000000eab00000,0x00000000f4680000)
  from space 84480K, 74% used [0x00000000f4680000,0x00000000f83ade20,0x00000000f9900000)
  to   space 90112K, 0% used [0x00000000fa800000,0x00000000fa800000,0x0000000100000000)
 ParOldGen       total 109056K, used 94281K [0x00000000c0000000, 0x00000000c6a80000, 0x00000000eab00000)
  object space 109056K, 86% used [0x00000000c0000000,0x00000000c5c12598,0x00000000c6a80000)
 Metaspace       used 5999K, capacity 7152K, committed 7296K, reserved 1056768K
  class space    used 555K, capacity 616K, committed 640K, reserved 1048576K

