# JRE version: OpenJDK Runtime Environment (8.0_76-b03) (build 1.8.0_76-release-b03)
# Java VM: OpenJDK 64-Bit Server VM (25.76-b03 mixed mode linux-amd64 compressed oops)
Heap:
 PSYoungGen      total 229376K, used 0K [0x00000000eab00000, 0x0000000100000000, 0x0000000100000000)
  eden space 116736K, 0% used [0x00000000eab00000,0x00000000eab00000,0x00000000f1d00000)
  from space 112640K, 0% used [0x00000000f9200000,0x00000000f9200000,0x0000000100000000)
  to   space 116224K, 0% used [0x00000000f1d00000,0x00000000f1d00000,0x00000000f8e80000)
 ParOldGen       total 316416K, used 264894K [0x00000000c0000000, 0x00000000d3500000, 0x00000000eab00000)
  object space 316416K, 83% used [0x00000000c0000000,0x00000000d02af988,0x00000000d3500000)
 Metaspace       used 6413K, capacity 7216K, committed 7296K, reserved 1056768K
  class space    used 594K, capacity 616K, committed 640K, reserved 1048576K
GC Heap History (10 events):
Event: 22.189 GC heap after
Heap after GC invocations=15 (full 2):
 PSYoungGen      total 264192K, used 84974K [0x00000000eab00000, 0x0000000100000000, 0x0000000100000000)
  eden space 179200K, 0% used [0x00000000eab00000,0x00000000eab00000,0x00000000f5a00000)
  from space 84992K, 99% used [0x00000000f5a00000,0x00000000facfb9f8,0x00000000fad00000)
  to   space 84992K, 0% used [0x00000000fad00000,0x00000000fad00000,0x0000000100000000)
 ParOldGen       total 207360K, used 172116K [0x00000000c0000000, 0x00000000cca80000, 0x00000000eab00000)
  object space 207360K, 83% used [0x00000000c0000000,0x00000000ca8150d8,0x00000000cca80000)
 Metaspace       used 6411K, capacity 7216K, committed 7296K, reserved 1056768K
  class space    used 594K, capacity 616K, committed 640K, reserved 1048576K
}
Event: 22.189 GC heap before
{Heap before GC invocations=16 (full 3):
 PSYoungGen      total 264192K, used 84974K [0x00000000eab00000, 0x0000000100000000, 0x0000000100000000)
  eden space 179200K, 0% used [0x00000000eab00000,0x00000000eab00000,0x00000000f5a00000)
  from space 84992K, 99% used [0x00000000f5a00000,0x00000000facfb9f8,0x00000000fad00000)
  to   space 84992K, 0% used [0x00000000fad00000,0x00000000fad00000,0x0000000100000000)
 ParOldGen       total 207360K, used 172116K [0x00000000c0000000, 0x00000000cca80000, 0x00000000eab00000)
  object space 207360K, 83% used [0x00000000c0000000,0x00000000ca8150d8,0x00000000cca80000)
 Metaspace       used 6411K, capacity 7216K, committed 7296K, reserved 1056768K
  class space    used 594K, capacity 616K, committed 640K, reserved 1048576K
Event: 23.675 GC heap after
Heap after GC invocations=16 (full 3):
 PSYoungGen      total 264192K, used 0K [0x00000000eab00000, 0x0000000100000000, 0x0000000100000000)
  eden space 179200K, 0% used [0x00000000eab00000,0x00000000eab00000,0x00000000f5a00000)
  from space 84992K, 0% used [0x00000000f5a00000,0x00000000f5a00000,0x00000000fad00000)
  to   space 84992K, 0% used [0x00000000fad00000,0x00000000fad00000,0x0000000100000000)
 ParOldGen       total 278528K, used 173384K [0x00000000c0000000, 0x00000000d1000000, 0x00000000eab00000)
  object space 278528K, 62% used [0x00000000c0000000,0x00000000ca952398,0x00000000d1000000)
 Metaspace       used 6411K, capacity 7216K, committed 7296K, reserved 1056768K
  class space    used 594K, capacity 616K, committed 640K, reserved 1048576K
}
Event: 26.807 GC heap before
{Heap before GC invocations=17 (full 3):
 PSYoungGen      total 264192K, used 179200K [0x00000000eab00000, 0x0000000100000000, 0x0000000100000000)
  eden space 179200K, 100% used [0x00000000eab00000,0x00000000f5a00000,0x00000000f5a00000)
  from space 84992K, 0% used [0x00000000f5a00000,0x00000000f5a00000,0x00000000fad00000)
  to   space 84992K, 0% used [0x00000000fad00000,0x00000000fad00000,0x0000000100000000)
 ParOldGen       total 278528K, used 173384K [0x00000000c0000000, 0x00000000d1000000, 0x00000000eab00000)
  object space 278528K, 62% used [0x00000000c0000000,0x00000000ca952398,0x00000000d1000000)
 Metaspace       used 6413K, capacity 7216K, committed 7296K, reserved 1056768K
  class space    used 594K, capacity 616K, committed 640K, reserved 1048576K
Event: 27.082 GC heap after
Heap after GC invocations=17 (full 3):
 PSYoungGen      total 208896K, used 76974K [0x00000000eab00000, 0x0000000100000000, 0x0000000100000000)
  eden space 123904K, 0% used [0x00000000eab00000,0x00000000eab00000,0x00000000f2400000)
  from space 84992K, 90% used [0x00000000fad00000,0x00000000ff82b900,0x0000000100000000)
  to   space 112640K, 0% used [0x00000000f2400000,0x00000000f2400000,0x00000000f9200000)
 ParOldGen       total 278528K, used 173392K [0x00000000c0000000, 0x00000000d1000000, 0x00000000eab00000)
  object space 278528K, 62% used [0x00000000c0000000,0x00000000ca954398,0x00000000d1000000)
 Metaspace       used 6413K, capacity 7216K, committed 7296K, reserved 1056768K
  class space    used 594K, capacity 616K, committed 640K, reserved 1048576K
}
Event: 27.823 GC heap before
{Heap before GC invocations=18 (full 3):
 PSYoungGen      total 208896K, used 200878K [0x00000000eab00000, 0x0000000100000000, 0x0000000100000000)
  eden space 123904K, 100% used [0x00000000eab00000,0x00000000f2400000,0x00000000f2400000)
  from space 84992K, 90% used [0x00000000fad00000,0x00000000ff82b900,0x0000000100000000)
  to   space 112640K, 0% used [0x00000000f2400000,0x00000000f2400000,0x00000000f9200000)
 ParOldGen       total 278528K, used 173392K [0x00000000c0000000, 0x00000000d1000000, 0x00000000eab00000)
  object space 278528K, 62% used [0x00000000c0000000,0x00000000ca954398,0x00000000d1000000)
 Metaspace       used 6413K, capacity 7216K, committed 7296K, reserved 1056768K
  class space    used 594K, capacity 616K, committed 640K, reserved 1048576K
Event: 28.148 GC heap after
Heap after GC invocations=18 (full 3):
 PSYoungGen      total 236544K, used 112616K [0x00000000eab00000, 0x0000000100000000, 0x0000000100000000)
  eden space 123904K, 0% used [0x00000000eab00000,0x00000000eab00000,0x00000000f2400000)
  from space 112640K, 99% used [0x00000000f2400000,0x00000000f91fa1b0,0x00000000f9200000)
  to   space 112640K, 0% used [0x00000000f9200000,0x00000000f9200000,0x0000000100000000)
 ParOldGen       total 278528K, used 204490K [0x00000000c0000000, 0x00000000d1000000, 0x00000000eab00000)
  object space 278528K, 73% used [0x00000000c0000000,0x00000000cc7b28a8,0x00000000d1000000)
 Metaspace       used 6413K, capacity 7216K, committed 7296K, reserved 1056768K
  class space    used 594K, capacity 616K, committed 640K, reserved 1048576K
}
Event: 28.575 GC heap before
{Heap before GC invocations=19 (full 3):
 PSYoungGen      total 236544K, used 236520K [0x00000000eab00000, 0x0000000100000000, 0x0000000100000000)
  eden space 123904K, 100% used [0x00000000eab00000,0x00000000f2400000,0x00000000f2400000)
  from space 112640K, 99% used [0x00000000f2400000,0x00000000f91fa1b0,0x00000000f9200000)
  to   space 112640K, 0% used [0x00000000f9200000,0x00000000f9200000,0x0000000100000000)
 ParOldGen       total 278528K, used 204490K [0x00000000c0000000, 0x00000000d1000000, 0x00000000eab00000)
  object space 278528K, 73% used [0x00000000c0000000,0x00000000cc7b28a8,0x00000000d1000000)
 Metaspace       used 6413K, capacity 7216K, committed 7296K, reserved 1056768K
  class space    used 594K, capacity 616K, committed 640K, reserved 1048576K
Event: 29.086 GC heap after
Heap after GC invocations=19 (full 3):
 PSYoungGen      total 229376K, used 46018K [0x00000000eab00000, 0x0000000100000000, 0x0000000100000000)
  eden space 116736K, 0% used [0x00000000eab00000,0x00000000eab00000,0x00000000f1d00000)
  from space 112640K, 40% used [0x00000000f9200000,0x00000000fbef0bb8,0x0000000100000000)
  to   space 116224K, 0% used [0x00000000f1d00000,0x00000000f1d00000,0x00000000f8e80000)
 ParOldGen       total 316416K, used 316043K [0x00000000c0000000, 0x00000000d3500000, 0x00000000eab00000)
  object space 316416K, 99% used [0x00000000c0000000,0x00000000d34a2dd0,0x00000000d3500000)
 Metaspace       used 6413K, capacity 7216K, committed 7296K, reserved 1056768K
  class space    used 594K, capacity 616K, committed 640K, reserved 1048576K
}
Event: 29.086 GC heap before
{Heap before GC invocations=20 (full 4):
 PSYoungGen      total 229376K, used 46018K [0x00000000eab00000, 0x0000000100000000, 0x0000000100000000)
  eden space 116736K, 0% used [0x00000000eab00000,0x00000000eab00000,0x00000000f1d00000)
  from space 112640K, 40% used [0x00000000f9200000,0x00000000fbef0bb8,0x0000000100000000)
  to   space 116224K, 0% used [0x00000000f1d00000,0x00000000f1d00000,0x00000000f8e80000)
 ParOldGen       total 316416K, used 316043K [0x00000000c0000000, 0x00000000d3500000, 0x00000000eab00000)
  object space 316416K, 99% used [0x00000000c0000000,0x00000000d34a2dd0,0x00000000d3500000)
 Metaspace       used 6413K, capacity 7216K, committed 7296K, reserved 1056768K
  class space    used 594K, capacity 616K, committed 640K, reserved 1048576K

